Arguments: 
  C:\Program Files\nodejs\node.exe C:\Program Files\nodejs\node_modules\yarn\bin\yarn.js add redux

PATH: 
  C:\WINDOWS\system32;C:\WINDOWS;C:\WINDOWS\System32\Wbem;C:\WINDOWS\System32\WindowsPowerShell\v1.0\;C:\WINDOWS\System32\OpenSSH\;C:\Program Files\Git\cmd;C:\Users\ficke\AppData\Roaming\nvm;C:\Program Files\nodejs;C:\Program Files\MongoDB\Tools\100\bin;C:\Users\ficke\AppData\Local\Microsoft\WindowsApps;C:\Users\ficke\AppData\Local\atom\bin;C:\Users\ficke\AppData\Local\GitHubDesktop\bin;C:\Users\ficke\AppData\Local\Programs\Microsoft VS Code\bin;C:\Users\ficke\AppData\Local\Microsoft\WindowsApps;C:\Users\ficke\AppData\Roaming\nvm;C:\Program Files\nodejs;C:\Program Files\MongoDB\Server\5.0\bin;C:\Program Files\heroku\bin

Yarn version: 
  1.22.17

Node version: 
  16.13.1

Platform: 
  win32 x64

Trace: 
  Error: EPERM: operation not permitted, unlink 'C:\Users\ficke\documents\careerfoundry\myFlix-client\node_modules\@parcel\fs-search\fs-search.win32-x64-msvc.node'

npm manifest: 
  {
    "name": "myflix-client",
    "version": "1.0.0",
    "description": "",
    "default": "src/index.html",
    "scripts": {
      "test": "echo \"Error: no test specified\" && exit 1",
      "start": "parcel src/index.html --open",
      "build": "parcel build"
    },
    "repository": {
      "type": "git",
      "url": "git+https://github.com/lizfick/myFlix-client.git"
    },
    "author": "",
    "license": "ISC",
    "bugs": {
      "url": "https://github.com/lizfick/myFlix-client/issues"
    },
    "homepage": "https://github.com/lizfick/myFlix-client#readme",
    "dependencies": {
      "axios": "^0.26.0",
      "bootstrap": "^5.1.3",
      "prop-types": "^15.8.1",
      "react": "^17.0.2",
      "react-bootstrap": "^2.1.2",
      "react-dom": "^17.0.2",
      "react-redux": "^7.2.6",
      "react-router-dom": "^5.3.0",
      "redux": "^4.1.2"
    },
    "devDependencies": {
      "@parcel/transformer-sass": "^2.3.2",
      "parcel": "^2.3.2",
      "process": "^0.11.10"
    },
    "source": "src/index.html"
  }

yarn manifest: 
  No manifest

Lockfile: 
  No lockfile
